<?xml version="1.0" encoding="UTF-8"?>
<!-- Generated by org.testng.reporters.JUnitReportReporter -->
<testsuite hostname="Helens-MacBook-Pro.local" name="Tests.TestGuestModeLibrary2" tests="1" failures="0" timestamp="21 Jul 2017 06:12:58 GMT" time="60.137" errors="0">
  <testcase name="testGuestModeSearch" time="60.137" classname="Tests.TestGuestModeLibrary2"/>
</testsuite> <!-- Tests.TestGuestModeLibrary2 -->
