<?xml version="1.0" encoding="UTF-8"?>
<!-- Generated by org.testng.reporters.JUnitReportReporter -->
<testsuite hostname="Helens-MacBook-Pro.local" name="Tests.TestLibrarySearchFilterSortPage" tests="10" failures="0" timestamp="12 Sep 2017 07:32:34 GMT" time="712.160" errors="0">
  <testcase name="testFilterSortingTwentyMins" time="63.164" classname="Tests.TestLibrarySearchFilterSortPage"/>
  <testcase name="testFilterSortingTenMins" time="76.606" classname="Tests.TestLibrarySearchFilterSortPage"/>
  <testcase name="testFilterSortingMaleOnly" time="67.370" classname="Tests.TestLibrarySearchFilterSortPage"/>
  <testcase name="testFilterSortingFiveMins" time="94.777" classname="Tests.TestLibrarySearchFilterSortPage"/>
  <testcase name="testFilterSortingWithoutBackMusic" time="68.865" classname="Tests.TestLibrarySearchFilterSortPage"/>
  <testcase name="testFilterSortingFifteenMins" time="63.430" classname="Tests.TestLibrarySearchFilterSortPage"/>
  <testcase name="testFilterSortingThirtyPlusMins" time="65.580" classname="Tests.TestLibrarySearchFilterSortPage"/>
  <testcase name="testFilterSortingFamaleOnly" time="67.038" classname="Tests.TestLibrarySearchFilterSortPage"/>
  <testcase name="testFilterSortingThirtyMins" time="64.853" classname="Tests.TestLibrarySearchFilterSortPage"/>
  <testcase name="testFilterSortingWithBackMusic" time="80.477" classname="Tests.TestLibrarySearchFilterSortPage"/>
</testsuite> <!-- Tests.TestLibrarySearchFilterSortPage -->
