<?xml version="1.0" encoding="UTF-8"?>
<!-- Generated by org.testng.reporters.JUnitReportReporter -->
<testsuite hostname="Helens-MacBook-Pro.local" name="Tests.TestTimerPage" tests="1" failures="0" timestamp="12 Sep 2017 07:32:29 GMT" time="46.426" errors="0">
  <testcase name="testTimer" time="46.426" classname="Tests.TestTimerPage"/>
</testsuite> <!-- Tests.TestTimerPage -->
