<?xml version="1.0" encoding="UTF-8"?>
<!-- Generated by org.testng.reporters.JUnitReportReporter -->
<testsuite hostname="Helens-MacBook-Pro.local" name="Tests.TestHomeScreen" tests="2" failures="0" timestamp="12 Sep 2017 07:32:44 GMT" time="204.684" errors="0">
  <testcase name="testSeeMoreNearBy" time="78.776" classname="Tests.TestHomeScreen"/>
  <testcase name="testHomePageFeeds" time="125.908" classname="Tests.TestHomeScreen"/>
</testsuite> <!-- Tests.TestHomeScreen -->
