<?xml version="1.0" encoding="UTF-8"?>
<!-- Generated by org.testng.reporters.JUnitReportReporter -->
<testsuite hostname="Helens-MacBook-Pro.local" name="Tests.TestMyLibraryPage" tests="4" failures="0" timestamp="12 Sep 2017 07:32:49 GMT" time="193.716" errors="0">
  <testcase name="testMyLibraryTeachers" time="56.361" classname="Tests.TestMyLibraryPage"/>
  <testcase name="testMyBookmarks" time="39.770" classname="Tests.TestMyLibraryPage"/>
  <testcase name="testTeacherFollow" time="54.176" classname="Tests.TestMyLibraryPage"/>
  <testcase name="testMyLibraryInterest" time="43.409" classname="Tests.TestMyLibraryPage"/>
</testsuite> <!-- Tests.TestMyLibraryPage -->
