<?xml version="1.0" encoding="UTF-8"?>
<!-- Generated by org.testng.reporters.JUnitReportReporter -->
<testsuite hostname="Helens-MacBook-Pro.local" name="Tests.TestMyLibraryPage2" tests="1" failures="0" timestamp="24 Jul 2017 01:54:39 GMT" time="56.104" errors="0">
  <testcase name="testMyLibraryInterest" time="56.104" classname="Tests.TestMyLibraryPage2"/>
</testsuite> <!-- Tests.TestMyLibraryPage2 -->
