<?xml version="1.0" encoding="UTF-8"?>
<!-- Generated by org.testng.reporters.JUnitReportReporter -->
<testsuite hostname="Helens-MacBook-Pro.local" name="Tests.TestGuestModePage2" tests="1" failures="0" timestamp="20 Jul 2017 02:36:50 GMT" time="21.710" errors="0">
  <testcase name="testGuestModeSkip" time="21.710" classname="Tests.TestGuestModePage2"/>
</testsuite> <!-- Tests.TestGuestModePage2 -->
