<?xml version="1.0" encoding="UTF-8"?>
<!-- Generated by org.testng.reporters.JUnitReportReporter -->
<testsuite hostname="Helens-MacBook-Pro.local" name="Tests.TestDiscoveryInterestGroups" tests="1" failures="0" timestamp="25 Jul 2017 06:00:14 GMT" time="73.102" errors="0">
  <testcase name="testFilterSortingPage" time="73.102" classname="Tests.TestDiscoveryInterestGroups"/>
</testsuite> <!-- Tests.TestDiscoveryInterestGroups -->
