<?xml version="1.0" encoding="UTF-8"?>
<!-- Generated by org.testng.reporters.JUnitReportReporter -->
<testsuite hostname="Helens-MacBook-Pro.local" name="Tests.TestSecondLanguage" tests="1" failures="0" timestamp="12 Sep 2017 07:32:39 GMT" time="99.670" errors="0">
  <testcase name="testSecondLanguageDeutsch" time="99.670" classname="Tests.TestSecondLanguage"/>
</testsuite> <!-- Tests.TestSecondLanguage -->
